34153 DEBUG [2013-11-05 20:04:27]  Request:
34153 DEBUG [2013-11-05 20:04:27]  GET:https://api.weibo.com/2/statuses/show.json
34155 DEBUG [2013-11-05 20:04:27]  Authorization: OAuth2 2.00f6LUwB0iDhDB4ef8bd9e2eynKudC
34155 DEBUG [2013-11-05 20:04:27]  API-RemoteIP: 192.168.0.113
34785 DEBUG [2013-11-05 20:04:28]  Response:
34785 DEBUG [2013-11-05 20:04:28]  https StatusCode:200
34785 DEBUG [2013-11-05 20:04:28]  Server:nginx/1.2.0
34785 DEBUG [2013-11-05 20:04:28]  Date:Tue, 05 Nov 2013 12:04:18 GMT
34785 DEBUG [2013-11-05 20:04:28]  Content-Type:application/json;charset=UTF-8
34785 DEBUG [2013-11-05 20:04:28]  Transfer-Encoding:chunked
34785 DEBUG [2013-11-05 20:04:28]  Connection:keep-alive
34785 DEBUG [2013-11-05 20:04:28]  Api-Server-IP:10.75.0.171
34785 DEBUG [2013-11-05 20:04:28]  Vary:Accept-Encoding
34786 WARN  [2013-11-05 20:04:28]  Going to buffer response body of large or unknown size. Using getResponseBodyAsStream instead is recommended.
34786 DEBUG [2013-11-05 20:04:28]  {"created_at":"Thu Oct 31 22:21:15 +0800 2013","id":3639589736506763,"mid":"3639589736506763","idstr":"3639589736506763","text":"网不易更新《爱自拍的人》http://t.cn/zRKFPEC ，文中视频：BatDad （蝙蝠老爸）是国外 Vine 6秒短视频平台上的活跃用户，他的短视频以“蝙蝠侠是个年轻老爸的日常生活”为出发点创作，非常好笑。下面这是他的部分短视频合集。http://t.cn/zRKFPEN","source":"<a href=\"http://weibo.com/\" rel=\"nofollow\">新浪微博</a>","favorited":false,"truncated":false,"in_reply_to_status_id":"","in_reply_to_user_id":"","in_reply_to_screen_name":"","pic_urls":[{"thumbnail_pic":"http://ww3.sinaimg.cn/thumbnail/6831c8cdgw1ea4q7ax1xxj20990b8jrz.jpg"}],"thumbnail_pic":"http://ww3.sinaimg.cn/thumbnail/6831c8cdgw1ea4q7ax1xxj20990b8jrz.jpg","bmiddle_pic":"http://ww3.sinaimg.cn/bmiddle/6831c8cdgw1ea4q7ax1xxj20990b8jrz.jpg","original_pic":"http://ww3.sinaimg.cn/large/6831c8cdgw1ea4q7ax1xxj20990b8jrz.jpg","geo":null,"user":{"id":1748093133,"idstr":"1748093133","class":1,"screen_name":"糖和尚","name":"糖和尚","province":"100","city":"1000","location":"其他","description":"这些都是真的吗？ ——骗你的~ 那就是假的咯？ ——不，是真的~","url":"http://www.netnoease.com","profile_image_url":"http://tp2.sinaimg.cn/1748093133/50/1275089050/1","profile_url":"chong4","domain":"chong4","weihao":"","gender":"m","followers_count":11608,"friends_count":31,"statuses_count":687,"favourites_count":4,"created_at":"Sat May 29 07:22:37 +0800 2010","following":false,"allow_all_act_msg":true,"geo_enabled":false,"verified":true,"verified_type":0,"remark":"","ptype":0,"allow_all_comment":true,"avatar_large":"http://tp2.sinaimg.cn/1748093133/180/1275089050/1","avatar_hd":"http://tp2.sinaimg.cn/1748093133/180/1275089050/1","verified_reason":"西红柿、网不易站长","follow_me":false,"online_status":0,"bi_followers_count":13,"lang":"zh-cn","star":0,"mbtype":0,"mbrank":0,"block_word":0},"reposts_count":2,"comments_count":1,"attitudes_count":0,"mlevel":0,"visible":{"type":0,"list_id":0}}

34787 DEBUG [2013-11-05 20:04:28]  Request:
34787 DEBUG [2013-11-05 20:04:28]  GET:https://api.weibo.com/2/short_url/expand.json
34789 DEBUG [2013-11-05 20:04:28]  Authorization: OAuth2 2.00f6LUwB0iDhDB4ef8bd9e2eynKudC
34789 DEBUG [2013-11-05 20:04:28]  API-RemoteIP: 192.168.0.113
35403 DEBUG [2013-11-05 20:04:28]  Response:
35403 DEBUG [2013-11-05 20:04:28]  https StatusCode:200
35403 DEBUG [2013-11-05 20:04:28]  Server:nginx/1.2.0
35403 DEBUG [2013-11-05 20:04:28]  Date:Tue, 05 Nov 2013 12:04:18 GMT
35403 DEBUG [2013-11-05 20:04:28]  Content-Type:text/javascript;charset=UTF-8
35403 DEBUG [2013-11-05 20:04:28]  Content-Length:157
35403 DEBUG [2013-11-05 20:04:28]  Connection:keep-alive
35403 DEBUG [2013-11-05 20:04:28]  X-Varnish:2078796787
35404 DEBUG [2013-11-05 20:04:28]  Age:0
35404 DEBUG [2013-11-05 20:04:28]  Via:1.1 varnish
35404 DEBUG [2013-11-05 20:04:28]  {"urls":[
{"result":true,"url_short":"http://t.cn/zRKFPEC","url_long":"http://www.netnoease.com/201310/the-pocket-reflector.html","type":0,"transcode":0}
]}


35404 DEBUG [2013-11-05 20:04:28]  Request:
35404 DEBUG [2013-11-05 20:04:28]  GET:https://api.weibo.com/2/comments/show.json
35405 DEBUG [2013-11-05 20:04:28]  Authorization: OAuth2 2.00f6LUwB0iDhDB4ef8bd9e2eynKudC
35405 DEBUG [2013-11-05 20:04:28]  API-RemoteIP: 192.168.0.113
36044 DEBUG [2013-11-05 20:04:29]  Response:
36044 DEBUG [2013-11-05 20:04:29]  https StatusCode:200
36044 DEBUG [2013-11-05 20:04:29]  Server:nginx/1.2.0
36044 DEBUG [2013-11-05 20:04:29]  Date:Tue, 05 Nov 2013 12:04:19 GMT
36044 DEBUG [2013-11-05 20:04:29]  Content-Type:application/json;charset=UTF-8
36044 DEBUG [2013-11-05 20:04:29]  Transfer-Encoding:chunked
36044 DEBUG [2013-11-05 20:04:29]  Connection:keep-alive
36045 DEBUG [2013-11-05 20:04:29]  Api-Server-IP:10.75.5.94
36045 DEBUG [2013-11-05 20:04:29]  Vary:Accept-Encoding
36045 WARN  [2013-11-05 20:04:29]  Going to buffer response body of large or unknown size. Using getResponseBodyAsStream instead is recommended.
36045 DEBUG [2013-11-05 20:04:29]  {"comments":[{"created_at":"Sun Nov 03 18:20:18 +0800 2013","id":3640616259129227,"text":"御阴宝为武汉佐佐木医药公司独家生产以及销售，这才是真品，是治妇科炎症的，不要搞错了啊糖和尚","source":"<a href=\"http://app.weibo.com/t/feed/1Jzrhu\" rel=\"nofollow\">WeicoGIF</a>","user":{"id":3856146423,"idstr":"3856146423","class":1,"screen_name":"迷人的蛋蛋蛋","name":"迷人的蛋蛋蛋","province":"42","city":"1","location":"湖北 武汉","description":"","url":"","profile_image_url":"http://tp4.sinaimg.cn/3856146423/50/40037116047/0","profile_url":"u/3856146423","domain":"","weihao":"","gender":"f","followers_count":12,"friends_count":24,"statuses_count":394,"favourites_count":0,"created_at":"Tue Oct 22 10:52:18 +0800 2013","following":false,"allow_all_act_msg":false,"geo_enabled":true,"verified":false,"verified_type":-1,"remark":"","ptype":0,"allow_all_comment":true,"avatar_large":"http://tp4.sinaimg.cn/3856146423/180/40037116047/0","avatar_hd":"http://ww1.sinaimg.cn/crop.0.0.264.264.1024/e5d81ff7gw1e9trr0gsj0j20c8099t9z.jpg","verified_reason":"","follow_me":false,"online_status":0,"bi_followers_count":0,"lang":"zh-cn","star":0,"mbtype":0,"mbrank":0,"block_word":0},"mid":"3640616259129227","idstr":"3640616259129227","status":{"created_at":"Thu Oct 31 22:21:15 +0800 2013","id":3639589736506763,"mid":"3639589736506763","idstr":"3639589736506763","text":"网不易更新《爱自拍的人》http://t.cn/zRKFPEC ，文中视频：BatDad （蝙蝠老爸）是国外 Vine 6秒短视频平台上的活跃用户，他的短视频以“蝙蝠侠是个年轻老爸的日常生活”为出发点创作，非常好笑。下面这是他的部分短视频合集。http://t.cn/zRKFPEN","source":"<a href=\"http://weibo.com/\" rel=\"nofollow\">新浪微博</a>","favorited":false,"truncated":false,"in_reply_to_status_id":"","in_reply_to_user_id":"","in_reply_to_screen_name":"","pic_urls":[{"thumbnail_pic":"http://ww3.sinaimg.cn/thumbnail/6831c8cdgw1ea4q7ax1xxj20990b8jrz.jpg"}],"thumbnail_pic":"http://ww3.sinaimg.cn/thumbnail/6831c8cdgw1ea4q7ax1xxj20990b8jrz.jpg","bmiddle_pic":"http://ww3.sinaimg.cn/bmiddle/6831c8cdgw1ea4q7ax1xxj20990b8jrz.jpg","original_pic":"http://ww3.sinaimg.cn/large/6831c8cdgw1ea4q7ax1xxj20990b8jrz.jpg","geo":null,"user":{"id":1748093133,"idstr":"1748093133","class":1,"screen_name":"糖和尚","name":"糖和尚","province":"100","city":"1000","location":"其他","description":"这些都是真的吗？ ——骗你的~ 那就是假的咯？ ——不，是真的~","url":"http://www.netnoease.com","profile_image_url":"http://tp2.sinaimg.cn/1748093133/50/1275089050/1","profile_url":"chong4","domain":"chong4","weihao":"","gender":"m","followers_count":11608,"friends_count":31,"statuses_count":687,"favourites_count":4,"created_at":"Sat May 29 07:22:37 +0800 2010","following":false,"allow_all_act_msg":true,"geo_enabled":false,"verified":true,"verified_type":0,"remark":"","ptype":0,"allow_all_comment":true,"avatar_large":"http://tp2.sinaimg.cn/1748093133/180/1275089050/1","avatar_hd":"http://tp2.sinaimg.cn/1748093133/180/1275089050/1","verified_reason":"西红柿、网不易站长","follow_me":false,"online_status":0,"bi_followers_count":13,"lang":"zh-cn","star":0,"mbtype":0,"mbrank":0,"block_word":0},"reposts_count":0,"comments_count":0,"attitudes_count":0,"mlevel":0,"visible":{"type":0,"list_id":0}}}],"marks":[],"hasvisible":false,"previous_cursor":0,"next_cursor":0,"total_number":1}

36058 DEBUG [2013-11-05 20:04:29]  Request:
36058 DEBUG [2013-11-05 20:04:29]  GET:https://api.weibo.com/2/statuses/show.json
36063 DEBUG [2013-11-05 20:04:29]  Authorization: OAuth2 2.00f6LUwB0iDhDB4ef8bd9e2eynKudC
36063 DEBUG [2013-11-05 20:04:29]  API-RemoteIP: 192.168.0.113
36689 DEBUG [2013-11-05 20:04:30]  Response:
36690 DEBUG [2013-11-05 20:04:30]  https StatusCode:200
36690 DEBUG [2013-11-05 20:04:30]  Server:nginx/1.2.0
36690 DEBUG [2013-11-05 20:04:30]  Date:Tue, 05 Nov 2013 12:04:19 GMT
36690 DEBUG [2013-11-05 20:04:30]  Content-Type:application/json;charset=UTF-8
36690 DEBUG [2013-11-05 20:04:30]  Transfer-Encoding:chunked
36690 DEBUG [2013-11-05 20:04:30]  Connection:keep-alive
36690 DEBUG [2013-11-05 20:04:30]  Api-Server-IP:10.75.24.201
36690 DEBUG [2013-11-05 20:04:30]  Vary:Accept-Encoding
36690 WARN  [2013-11-05 20:04:30]  Going to buffer response body of large or unknown size. Using getResponseBodyAsStream instead is recommended.
36691 DEBUG [2013-11-05 20:04:30]  {"created_at":"Thu Oct 31 22:20:04 +0800 2013","id":3639589430046925,"mid":"3639589430046925","idstr":"3639589430046925","text":"B哥的一天短视频系列----老司机吹牛B http://t.cn/zRKkdr0 ","source":"<a href=\"http://app.weibo.com/t/feed/4kiQYH\" rel=\"nofollow\">优酷网连接分享</a>","favorited":false,"truncated":false,"in_reply_to_status_id":"","in_reply_to_user_id":"","in_reply_to_screen_name":"","pic_urls":[],"geo":null,"user":{"id":2178126947,"idstr":"2178126947","class":1,"screen_name":"B哥焦双喜","name":"B哥焦双喜","province":"11","city":"5","location":"北京 朝阳区","description":"网络明星—B哥，商业演出，广告拍摄，婚礼业务，请联系B哥经纪人，13701333229张经理","url":"http://u.youku.com/焦双喜","profile_image_url":"http://tp4.sinaimg.cn/2178126947/50/22858245741/1","profile_url":"bigejsx","domain":"bigejsx","weihao":"","gender":"m","followers_count":106087,"friends_count":23,"statuses_count":502,"favourites_count":2,"created_at":"Tue Jun 14 10:38:40 +0800 2011","following":false,"allow_all_act_msg":true,"geo_enabled":true,"verified":true,"verified_type":0,"remark":"","ptype":0,"allow_all_comment":true,"avatar_large":"http://tp4.sinaimg.cn/2178126947/180/22858245741/1","avatar_hd":"http://ww2.sinaimg.cn/crop.75.132.1600.1600.1024/81d39463tw1ea74x2rw0xj21e5223hdt.jpg","verified_reason":"网络红人B哥","follow_me":false,"online_status":0,"bi_followers_count":22,"lang":"zh-cn","star":0,"mbtype":0,"mbrank":0,"block_word":0},"reposts_count":5,"comments_count":8,"attitudes_count":5,"mlevel":0,"visible":{"type":0,"list_id":0}}

36691 DEBUG [2013-11-05 20:04:30]  Request:
36691 DEBUG [2013-11-05 20:04:30]  GET:https://api.weibo.com/2/short_url/expand.json
36693 DEBUG [2013-11-05 20:04:30]  Authorization: OAuth2 2.00f6LUwB0iDhDB4ef8bd9e2eynKudC
36693 DEBUG [2013-11-05 20:04:30]  API-RemoteIP: 192.168.0.113
37318 DEBUG [2013-11-05 20:04:30]  Response:
37318 DEBUG [2013-11-05 20:04:30]  https StatusCode:200
37318 DEBUG [2013-11-05 20:04:30]  Server:nginx/1.2.0
37318 DEBUG [2013-11-05 20:04:30]  Date:Tue, 05 Nov 2013 12:04:20 GMT
37318 DEBUG [2013-11-05 20:04:30]  Content-Type:text/javascript;charset=UTF-8
37318 DEBUG [2013-11-05 20:04:30]  Content-Length:147
37318 DEBUG [2013-11-05 20:04:30]  Connection:keep-alive
37318 DEBUG [2013-11-05 20:04:30]  X-Varnish:743064810
37318 DEBUG [2013-11-05 20:04:30]  Age:0
37319 DEBUG [2013-11-05 20:04:30]  Via:1.1 varnish
37319 DEBUG [2013-11-05 20:04:30]  {"urls":[
{"result":true,"url_short":"http://t.cn/zRKkdr0","url_long":"http://v.youku.com/v_show/id_XNjI4NzgxMTMy.html","type":1,"transcode":2}
]}


37319 DEBUG [2013-11-05 20:04:30]  Request:
37319 DEBUG [2013-11-05 20:04:30]  GET:https://api.weibo.com/2/comments/show.json
37321 DEBUG [2013-11-05 20:04:30]  Authorization: OAuth2 2.00f6LUwB0iDhDB4ef8bd9e2eynKudC
37321 DEBUG [2013-11-05 20:04:30]  API-RemoteIP: 192.168.0.113
38273 DEBUG [2013-11-05 20:04:31]  Response:
38273 DEBUG [2013-11-05 20:04:31]  https StatusCode:200
38273 DEBUG [2013-11-05 20:04:31]  Server:nginx/1.2.0
38273 DEBUG [2013-11-05 20:04:31]  Date:Tue, 05 Nov 2013 12:04:21 GMT
38273 DEBUG [2013-11-05 20:04:31]  Content-Type:application/json;charset=UTF-8
38273 DEBUG [2013-11-05 20:04:31]  Transfer-Encoding:chunked
38273 DEBUG [2013-11-05 20:04:31]  Connection:keep-alive
38273 DEBUG [2013-11-05 20:04:31]  Api-Server-IP:10.75.24.200
38273 DEBUG [2013-11-05 20:04:31]  Vary:Accept-Encoding
38274 WARN  [2013-11-05 20:04:31]  Going to buffer response body of large or unknown size. Using getResponseBodyAsStream instead is recommended.
38276 DEBUG [2013-11-05 20:04:31]  {"comments":[{"created_at":"Sat Nov 02 06:52:11 +0800 2013","id":3640080701089633,"text":"B哥还装的真特么的象那么回事[good]","source":"<a href=\"http://weibo.com/\" rel=\"nofollow\">新浪微博</a>","user":{"id":2117816422,"idstr":"2117816422","class":1,"screen_name":"明克张","name":"明克张","province":"400","city":"19","location":"海外 德国","description":"德国Kaptan体育管理公司(FIFA Nr. 00128)，德国足协DFB注册球探。","url":"","profile_image_url":"http://tp3.sinaimg.cn/2117816422/50/5608448407/1","profile_url":"zmsports","domain":"zmsports","weihao":"","gender":"m","followers_count":48,"friends_count":9,"statuses_count":953,"favourites_count":8,"created_at":"Thu Apr 28 03:36:27 +0800 2011","following":false,"allow_all_act_msg":false,"geo_enabled":true,"verified":false,"verified_type":-1,"remark":"","ptype":0,"allow_all_comment":true,"avatar_large":"http://tp3.sinaimg.cn/2117816422/180/5608448407/1","avatar_hd":"http://tp3.sinaimg.cn/2117816422/180/5608448407/1","verified_reason":"","follow_me":false,"online_status":0,"bi_followers_count":6,"lang":"zh-cn","star":0,"mbtype":0,"mbrank":0,"block_word":0},"mid":"3640080701089633","idstr":"3640080701089633","status":{"created_at":"Thu Oct 31 22:20:04 +0800 2013","id":3639589430046925,"mid":"3639589430046925","idstr":"3639589430046925","text":"B哥的一天短视频系列----老司机吹牛B http://t.cn/zRKkdr0 ","source":"<a href=\"http://app.weibo.com/t/feed/4kiQYH\" rel=\"nofollow\">优酷网连接分享</a>","favorited":false,"truncated":false,"in_reply_to_status_id":"","in_reply_to_user_id":"","in_reply_to_screen_name":"","pic_urls":[],"geo":null,"user":{"id":2178126947,"idstr":"2178126947","class":1,"screen_name":"B哥焦双喜","name":"B哥焦双喜","province":"11","city":"5","location":"北京 朝阳区","description":"网络明星—B哥，商业演出，广告拍摄，婚礼业务，请联系B哥经纪人，13701333229张经理","url":"http://u.youku.com/焦双喜","profile_image_url":"http://tp4.sinaimg.cn/2178126947/50/22858245741/1","profile_url":"bigejsx","domain":"bigejsx","weihao":"","gender":"m","followers_count":106087,"friends_count":23,"statuses_count":502,"favourites_count":2,"created_at":"Tue Jun 14 10:38:40 +0800 2011","following":false,"allow_all_act_msg":true,"geo_enabled":true,"verified":true,"verified_type":0,"remark":"","ptype":0,"allow_all_comment":true,"avatar_large":"http://tp4.sinaimg.cn/2178126947/180/22858245741/1","avatar_hd":"http://ww2.sinaimg.cn/crop.75.132.1600.1600.1024/81d39463tw1ea74x2rw0xj21e5223hdt.jpg","verified_reason":"网络红人B哥","follow_me":false,"online_status":0,"bi_followers_count":22,"lang":"zh-cn","star":0,"mbtype":0,"mbrank":0,"block_word":0},"reposts_count":0,"comments_count":0,"attitudes_count":0,"mlevel":0,"visible":{"type":0,"list_id":0}}},{"created_at":"Fri Nov 01 14:33:09 +0800 2013","id":3639834318837548,"text":"逼哥我想和骚骚大保健","source":"<a href=\"http://weibo.com/\" rel=\"nofollow\">新浪微博</a>","user":{"id":2276343445,"idstr":"2276343445","class":1,"screen_name":"达基霸","name":"达基霸","province":"11","city":"4","location":"北京 宣武区","description":"今天才知道 原来驴友不是一起用电驴下毛片的朋友","url":"","profile_image_url":"http://tp2.sinaimg.cn/2276343445/50/5671251533/1","profile_url":"u/2276343445","domain":"","weihao":"","gender":"m","followers_count":49,"friends_count":238,"statuses_count":335,"favourites_count":5,"created_at":"Fri Jul 29 20:36:48 +0800 2011","following":false,"allow_all_act_msg":false,"geo_enabled":true,"verified":false,"verified_type":-1,"remark":"","ptype":0,"allow_all_comment":true,"avatar_large":"http://tp2.sinaimg.cn/2276343445/180/5671251533/1","avatar_hd":"http://ww2.sinaimg.cn/crop.1.0.537.537.1024/87ae3e95jw1e7jsq9kksxj20f00k040n.jpg","verified_reason":"","follow_me":false,"online_status":0,"bi_followers_count":35,"lang":"zh-cn","star":0,"mbtype":2,"mbrank":1,"block_word":0},"mid":"3639834318837548","idstr":"3639834318837548","status":{"created_at":"Thu Oct 31 22:20:04 +0800 2013","id":3639589430046925,"mid":"3639589430046925","idstr":"3639589430046925","text":"B哥的一天短视频系列----老司机吹牛B http://t.cn/zRKkdr0 ","source":"<a href=\"http://app.weibo.com/t/feed/4kiQYH\" rel=\"nofollow\">优酷网连接分享</a>","favorited":false,"truncated":false,"in_reply_to_status_id":"","in_reply_to_user_id":"","in_reply_to_screen_name":"","pic_urls":[],"geo":null,"user":{"id":2178126947,"idstr":"2178126947","class":1,"screen_name":"B哥焦双喜","name":"B哥焦双喜","province":"11","city":"5","location":"北京 朝阳区","description":"网络明星—B哥，商业演出，广告拍摄，婚礼业务，请联系B哥经纪人，13701333229张经理","url":"http://u.youku.com/焦双喜","profile_image_url":"http://tp4.sinaimg.cn/2178126947/50/22858245741/1","profile_url":"bigejsx","domain":"bigejsx","weihao":"","gender":"m","followers_count":106087,"friends_count":23,"statuses_count":502,"favourites_count":2,"created_at":"Tue Jun 14 10:38:40 +0800 2011","following":false,"allow_all_act_msg":true,"geo_enabled":true,"verified":true,"verified_type":0,"remark":"","ptype":0,"allow_all_comment":true,"avatar_large":"http://tp4.sinaimg.cn/2178126947/180/22858245741/1","avatar_hd":"http://ww2.sinaimg.cn/crop.75.132.1600.1600.1024/81d39463tw1ea74x2rw0xj21e5223hdt.jpg","verified_reason":"网络红人B哥","follow_me":false,"online_status":0,"bi_followers_count":22,"lang":"zh-cn","star":0,"mbtype":0,"mbrank":0,"block_word":0},"reposts_count":0,"comments_count":0,"attitudes_count":0,"mlevel":0,"visible":{"type":0,"list_id":0}}},{"created_at":"Fri Nov 01 05:27:28 +0800 2013","id":3639696992815165,"text":"这个妹子好可爱[可爱]，B哥她有微博吗[疑问]","source":"<a href=\"http://app.weibo.com/t/feed/azD2z\" rel=\"nofollow\">四核终结者_联想K860i</a>","user":{"id":2672468411,"idstr":"2672468411","class":1,"screen_name":"卧思投飞竹","name":"卧思投飞竹","province":"400","city":"16","location":"海外 其他","description":"◐▂◐","url":"","profile_image_url":"http://tp4.sinaimg.cn/2672468411/50/5629908814/1","profile_url":"u/2672468411","domain":"","weihao":"","gender":"m","followers_count":508,"friends_count":195,"statuses_count":247,"favourites_count":99,"created_at":"Mon Mar 19 19:50:00 +0800 2012","following":false,"allow_all_act_msg":false,"geo_enabled":true,"verified":false,"verified_type":200,"remark":"","ptype":0,"allow_all_comment":true,"avatar_large":"http://tp4.sinaimg.cn/2672468411/180/5629908814/1","avatar_hd":"http://tp4.sinaimg.cn/2672468411/180/5629908814/1","verified_reason":"","follow_me":false,"online_status":1,"bi_followers_count":2,"lang":"zh-cn","star":0,"mbtype":0,"mbrank":0,"block_word":0},"mid":"3639696992815165","idstr":"3639696992815165","status":{"created_at":"Thu Oct 31 22:20:04 +0800 2013","id":3639589430046925,"mid":"3639589430046925","idstr":"3639589430046925","text":"B哥的一天短视频系列----老司机吹牛B http://t.cn/zRKkdr0 ","source":"<a href=\"http://app.weibo.com/t/feed/4kiQYH\" rel=\"nofollow\">优酷网连接分享</a>","favorited":false,"truncated":false,"in_reply_to_status_id":"","in_reply_to_user_id":"","in_reply_to_screen_name":"","pic_urls":[],"geo":null,"user":{"id":2178126947,"idstr":"2178126947","class":1,"screen_name":"B哥焦双喜","name":"B哥焦双喜","province":"11","city":"5","location":"北京 朝阳区","description":"网络明星—B哥，商业演出，广告拍摄，婚礼业务，请联系B哥经纪人，13701333229张经理","url":"http://u.youku.com/焦双喜","profile_image_url":"http://tp4.sinaimg.cn/2178126947/50/22858245741/1","profile_url":"bigejsx","domain":"bigejsx","weihao":"","gender":"m","followers_count":106087,"friends_count":23,"statuses_count":502,"favourites_count":2,"created_at":"Tue Jun 14 10:38:40 +0800 2011","following":false,"allow_all_act_msg":true,"geo_enabled":true,"verified":true,"verified_type":0,"remark":"","ptype":0,"allow_all_comment":true,"avatar_large":"http://tp4.sinaimg.cn/2178126947/180/22858245741/1","avatar_hd":"http://ww2.sinaimg.cn/crop.75.132.1600.1600.1024/81d39463tw1ea74x2rw0xj21e5223hdt.jpg","verified_reason":"网络红人B哥","follow_me":false,"online_status":0,"bi_followers_count":22,"lang":"zh-cn","star":0,"mbtype":0,"mbrank":0,"block_word":0},"reposts_count":0,"comments_count":0,"attitudes_count":0,"mlevel":0,"visible":{"type":0,"list_id":0}}},{"created_at":"Fri Nov 01 04:18:27 +0800 2013","id":3639679624860316,"text":"跟着B哥混，越混越牛逼","source":"<a href=\"http://weibo.com/\" rel=\"nofollow\">新浪微博</a>","user":{"id":1888497221,"idstr":"1888497221","class":1,"screen_name":"宁波先生一","name":"宁波先生一","province":"33","city":"2","location":"浙江 宁波","description":"安康医院〃46号床位......","url":"","profile_image_url":"http://tp2.sinaimg.cn/1888497221/50/5655009887/1","profile_url":"lswk","domain":"lswk","weihao":"","gender":"m","followers_count":373,"friends_count":259,"statuses_count":232,"favourites_count":2,"created_at":"Sat Dec 18 12:13:24 +0800 2010","following":false,"allow_all_act_msg":true,"geo_enabled":true,"verified":true,"verified_type":0,"remark":"","ptype":0,"allow_all_comment":true,"avatar_large":"http://tp2.sinaimg.cn/1888497221/180/5655009887/1","avatar_hd":"http://tp2.sinaimg.cn/1888497221/180/5655009887/1","verified_reason":"奉化市万象木业有限公司 总经理","follow_me":false,"online_status":0,"bi_followers_count":106,"lang":"zh-cn","star":0,"mbtype":0,"mbrank":0,"block_word":0},"mid":"3639679624860316","idstr":"3639679624860316","status":{"created_at":"Thu Oct 31 22:20:04 +0800 2013","id":3639589430046925,"mid":"3639589430046925","idstr":"3639589430046925","text":"B哥的一天短视频系列----老司机吹牛B http://t.cn/zRKkdr0 ","source":"<a href=\"http://app.weibo.com/t/feed/4kiQYH\" rel=\"nofollow\">优酷网连接分享</a>","favorited":false,"truncated":false,"in_reply_to_status_id":"","in_reply_to_user_id":"","in_reply_to_screen_name":"","pic_urls":[],"geo":null,"user":{"id":2178126947,"idstr":"2178126947","class":1,"screen_name":"B哥焦双喜","name":"B哥焦双喜","province":"11","city":"5","location":"北京 朝阳区","description":"网络明星—B哥，商业演出，广告拍摄，婚礼业务，请联系B哥经纪人，13701333229张经理","url":"http://u.youku.com/焦双喜","profile_image_url":"http://tp4.sinaimg.cn/2178126947/50/22858245741/1","profile_url":"bigejsx","domain":"bigejsx","weihao":"","gender":"m","followers_count":106087,"friends_count":23,"statuses_count":502,"favourites_count":2,"created_at":"Tue Jun 14 10:38:40 +0800 2011","following":false,"allow_all_act_msg":true,"geo_enabled":true,"verified":true,"verified_type":0,"remark":"","ptype":0,"allow_all_comment":true,"avatar_large":"http://tp4.sinaimg.cn/2178126947/180/22858245741/1","avatar_hd":"http://ww2.sinaimg.cn/crop.75.132.1600.1600.1024/81d39463tw1ea74x2rw0xj21e5223hdt.jpg","verified_reason":"网络红人B哥","follow_me":false,"online_status":0,"bi_followers_count":22,"lang":"zh-cn","star":0,"mbtype":0,"mbrank":0,"block_word":0},"reposts_count":0,"comments_count":0,"attitudes_count":0,"mlevel":0,"visible":{"type":0,"list_id":0}}},{"created_at":"Thu Oct 31 22:53:39 +0800 2013","id":3639597890631236,"text":"牛逼@xxxx奋斗ing","source":"<a href=\"http://app.weibo.com/t/feed/9ksdit\" rel=\"nofollow\">iPhone客户端</a>","user":{"id":2473035011,"idstr":"2473035011","class":1,"screen_name":"流浪2013肖","name":"流浪2013肖","province":"11","city":"8","location":"北京 海淀区","description":"是良驹就要驰聘千里，是巨轮就要乘风破浪。是雄鹰就要高高展翅，好男儿就要志在四方！","url":"","profile_image_url":"http://tp4.sinaimg.cn/2473035011/50/5674707769/1","profile_url":"u/2473035011","domain":"","weihao":"","gender":"m","followers_count":84,"friends_count":83,"statuses_count":364,"favourites_count":2,"created_at":"Fri Dec 30 13:01:14 +0800 2011","following":false,"allow_all_act_msg":true,"geo_enabled":true,"verified":false,"verified_type":-1,"remark":"","ptype":0,"allow_all_comment":true,"avatar_large":"http://tp4.sinaimg.cn/2473035011/180/5674707769/1","avatar_hd":"http://ww2.sinaimg.cn/crop.0.0.638.638.1024/93678503jw8e8u1mp0cezj20hq0hqmys.jpg","verified_reason":"","follow_me":false,"online_status":1,"bi_followers_count":37,"lang":"zh-cn","star":0,"mbtype":0,"mbrank":0,"block_word":0},"mid":"3639597890631236","idstr":"3639597890631236","status":{"created_at":"Thu Oct 31 22:20:04 +0800 2013","id":3639589430046925,"mid":"3639589430046925","idstr":"3639589430046925","text":"B哥的一天短视频系列----老司机吹牛B http://t.cn/zRKkdr0 ","source":"<a href=\"http://app.weibo.com/t/feed/4kiQYH\" rel=\"nofollow\">优酷网连接分享</a>","favorited":false,"truncated":false,"in_reply_to_status_id":"","in_reply_to_user_id":"","in_reply_to_screen_name":"","pic_urls":[],"geo":null,"user":{"id":2178126947,"idstr":"2178126947","class":1,"screen_name":"B哥焦双喜","name":"B哥焦双喜","province":"11","city":"5","location":"北京 朝阳区","description":"网络明星—B哥，商业演出，广告拍摄，婚礼业务，请联系B哥经纪人，13701333229张经理","url":"http://u.youku.com/焦双喜","profile_image_url":"http://tp4.sinaimg.cn/2178126947/50/22858245741/1","profile_url":"bigejsx","domain":"bigejsx","weihao":"","gender":"m","followers_count":106087,"friends_count":23,"statuses_count":502,"favourites_count":2,"created_at":"Tue Jun 14 10:38:40 +0800 2011","following":false,"allow_all_act_msg":true,"geo_enabled":true,"verified":true,"verified_type":0,"remark":"","ptype":0,"allow_all_comment":true,"avatar_large":"http://tp4.sinaimg.cn/2178126947/180/22858245741/1","avatar_hd":"http://ww2.sinaimg.cn/crop.75.132.1600.1600.1024/81d39463tw1ea74x2rw0xj21e5223hdt.jpg","verified_reason":"网络红人B哥","follow_me":false,"online_status":0,"bi_followers_count":22,"lang":"zh-cn","star":0,"mbtype":0,"mbrank":0,"block_word":0},"reposts_count":0,"comments_count":0,"attitudes_count":0,"mlevel":0,"visible":{"type":0,"list_id":0}}},{"created_at":"Thu Oct 31 22:53:02 +0800 2013","id":3639597734878971,"text":"B哥牛逼","source":"<a href=\"http://app.weibo.com/t/feed/9ksdit\" rel=\"nofollow\">iPhone客户端</a>","user":{"id":2473035011,"idstr":"2473035011","class":1,"screen_name":"流浪2013肖","name":"流浪2013肖","province":"11","city":"8","location":"北京 海淀区","description":"是良驹就要驰聘千里，是巨轮就要乘风破浪。是雄鹰就要高高展翅，好男儿就要志在四方！","url":"","profile_image_url":"http://tp4.sinaimg.cn/2473035011/50/5674707769/1","profile_url":"u/2473035011","domain":"","weihao":"","gender":"m","followers_count":84,"friends_count":83,"statuses_count":364,"favourites_count":2,"created_at":"Fri Dec 30 13:01:14 +0800 2011","following":false,"allow_all_act_msg":true,"geo_enabled":true,"verified":false,"verified_type":-1,"remark":"","ptype":0,"allow_all_comment":true,"avatar_large":"http://tp4.sinaimg.cn/2473035011/180/5674707769/1","avatar_hd":"http://ww2.sinaimg.cn/crop.0.0.638.638.1024/93678503jw8e8u1mp0cezj20hq0hqmys.jpg","verified_reason":"","follow_me":false,"online_status":1,"bi_followers_count":37,"lang":"zh-cn","star":0,"mbtype":0,"mbrank":0,"block_word":0},"mid":"3639597734878971","idstr":"3639597734878971","status":{"created_at":"Thu Oct 31 22:20:04 +0800 2013","id":3639589430046925,"mid":"3639589430046925","idstr":"3639589430046925","text":"B哥的一天短视频系列----老司机吹牛B http://t.cn/zRKkdr0 ","source":"<a href=\"http://app.weibo.com/t/feed/4kiQYH\" rel=\"nofollow\">优酷网连接分享</a>","favorited":false,"truncated":false,"in_reply_to_status_id":"","in_reply_to_user_id":"","in_reply_to_screen_name":"","pic_urls":[],"geo":null,"user":{"id":2178126947,"idstr":"2178126947","class":1,"screen_name":"B哥焦双喜","name":"B哥焦双喜","province":"11","city":"5","location":"北京 朝阳区","description":"网络明星—B哥，商业演出，广告拍摄，婚礼业务，请联系B哥经纪人，13701333229张经理","url":"http://u.youku.com/焦双喜","profile_image_url":"http://tp4.sinaimg.cn/2178126947/50/22858245741/1","profile_url":"bigejsx","domain":"bigejsx","weihao":"","gender":"m","followers_count":106087,"friends_count":23,"statuses_count":502,"favourites_count":2,"created_at":"Tue Jun 14 10:38:40 +0800 2011","following":false,"allow_all_act_msg":true,"geo_enabled":true,"verified":true,"verified_type":0,"remark":"","ptype":0,"allow_all_comment":true,"avatar_large":"http://tp4.sinaimg.cn/2178126947/180/22858245741/1","avatar_hd":"http://ww2.sinaimg.cn/crop.75.132.1600.1600.1024/81d39463tw1ea74x2rw0xj21e5223hdt.jpg","verified_reason":"网络红人B哥","follow_me":false,"online_status":0,"bi_followers_count":22,"lang":"zh-cn","star":0,"mbtype":0,"mbrank":0,"block_word":0},"reposts_count":0,"comments_count":0,"attitudes_count":0,"mlevel":0,"visible":{"type":0,"list_id":0}}},{"created_at":"Thu Oct 31 22:46:15 +0800 2013","id":3639596023698859,"text":"够牛逼，啊！","source":"<a href=\"http://app.weibo.com/t/feed/15mWgo\" rel=\"nofollow\">新浪微博G3版</a>","user":{"id":3490932841,"idstr":"3490932841","class":1,"screen_name":"寂寞围着我转","name":"寂寞围着我转","province":"34","city":"16","location":"安徽 亳州","description":"没有人要聊天，大家都在玩手机。","url":"","profile_image_url":"http://tp2.sinaimg.cn/3490932841/50/5677395948/1","profile_url":"u/3490932841","domain":"","weihao":"","gender":"m","followers_count":69,"friends_count":415,"statuses_count":1463,"favourites_count":20,"created_at":"Sat Jun 29 14:48:49 +0800 2013","following":false,"allow_all_act_msg":false,"geo_enabled":true,"verified":false,"verified_type":-1,"remark":"","ptype":0,"allow_all_comment":true,"avatar_large":"http://tp2.sinaimg.cn/3490932841/180/5677395948/1","avatar_hd":"http://ww2.sinaimg.cn/crop.0.14.278.278.1024/d0136869jw8e9u0ju3v10j207q08i74f.jpg","verified_reason":"","follow_me":false,"online_status":0,"bi_followers_count":7,"lang":"zh-cn","star":0,"mbtype":0,"mbrank":0,"block_word":0},"mid":"3639596023698859","idstr":"3639596023698859","status":{"created_at":"Thu Oct 31 22:20:04 +0800 2013","id":3639589430046925,"mid":"3639589430046925","idstr":"3639589430046925","text":"B哥的一天短视频系列----老司机吹牛B http://t.cn/zRKkdr0 ","source":"<a href=\"http://app.weibo.com/t/feed/4kiQYH\" rel=\"nofollow\">优酷网连接分享</a>","favorited":false,"truncated":false,"in_reply_to_status_id":"","in_reply_to_user_id":"","in_reply_to_screen_name":"","pic_urls":[],"geo":null,"user":{"id":2178126947,"idstr":"2178126947","class":1,"screen_name":"B哥焦双喜","name":"B哥焦双喜","province":"11","city":"5","location":"北京 朝阳区","description":"网络明星—B哥，商业演出，广告拍摄，婚礼业务，请联系B哥经纪人，13701333229张经理","url":"http://u.youku.com/焦双喜","profile_image_url":"http://tp4.sinaimg.cn/2178126947/50/22858245741/1","profile_url":"bigejsx","domain":"bigejsx","weihao":"","gender":"m","followers_count":106087,"friends_count":23,"statuses_count":502,"favourites_count":2,"created_at":"Tue Jun 14 10:38:40 +0800 2011","following":false,"allow_all_act_msg":true,"geo_enabled":true,"verified":true,"verified_type":0,"remark":"","ptype":0,"allow_all_comment":true,"avatar_large":"http://tp4.sinaimg.cn/2178126947/180/22858245741/1","avatar_hd":"http://ww2.sinaimg.cn/crop.75.132.1600.1600.1024/81d39463tw1ea74x2rw0xj21e5223hdt.jpg","verified_reason":"网络红人B哥","follow_me":false,"online_status":0,"bi_followers_count":22,"lang":"zh-cn","star":0,"mbtype":0,"mbrank":0,"block_word":0},"reposts_count":0,"comments_count":0,"attitudes_count":0,"mlevel":0,"visible":{"type":0,"list_id":0}}},{"created_at":"Thu Oct 31 22:25:00 +0800 2013","id":3639590680290253,"text":".....好假","source":"<a href=\"http://weibo.com/\" rel=\"nofollow\">新浪微博</a>","user":{"id":1741730504,"idstr":"1741730504","class":1,"screen_name":"煒鈺","name":"煒鈺","province":"44","city":"3","location":"广东 深圳","description":"火字旁的煒 金字旁的鈺 取消关注吧","url":"","profile_image_url":"http://tp1.sinaimg.cn/1741730504/50/5667211952/0","profile_url":"u/1741730504","domain":"","weihao":"","gender":"f","followers_count":619,"friends_count":277,"statuses_count":92,"favourites_count":1503,"created_at":"Fri May 14 20:22:21 +0800 2010","following":false,"allow_all_act_msg":true,"geo_enabled":true,"verified":false,"verified_type":220,"remark":"","ptype":0,"allow_all_comment":true,"avatar_large":"http://tp1.sinaimg.cn/1741730504/180/5667211952/0","avatar_hd":"http://tp1.sinaimg.cn/1741730504/180/5667211952/0","verified_reason":"","follow_me":false,"online_status":0,"bi_followers_count":123,"lang":"zh-tw","star":0,"mbtype":0,"mbrank":0,"block_word":0},"mid":"3639590680290253","idstr":"3639590680290253","status":{"created_at":"Thu Oct 31 22:20:04 +0800 2013","id":3639589430046925,"mid":"3639589430046925","idstr":"3639589430046925","text":"B哥的一天短视频系列----老司机吹牛B http://t.cn/zRKkdr0 ","source":"<a href=\"http://app.weibo.com/t/feed/4kiQYH\" rel=\"nofollow\">优酷网连接分享</a>","favorited":false,"truncated":false,"in_reply_to_status_id":"","in_reply_to_user_id":"","in_reply_to_screen_name":"","pic_urls":[],"geo":null,"user":{"id":2178126947,"idstr":"2178126947","class":1,"screen_name":"B哥焦双喜","name":"B哥焦双喜","province":"11","city":"5","location":"北京 朝阳区","description":"网络明星—B哥，商业演出，广告拍摄，婚礼业务，请联系B哥经纪人，13701333229张经理","url":"http://u.youku.com/焦双喜","profile_image_url":"http://tp4.sinaimg.cn/2178126947/50/22858245741/1","profile_url":"bigejsx","domain":"bigejsx","weihao":"","gender":"m","followers_count":106087,"friends_count":23,"statuses_count":502,"favourites_count":2,"created_at":"Tue Jun 14 10:38:40 +0800 2011","following":false,"allow_all_act_msg":true,"geo_enabled":true,"verified":true,"verified_type":0,"remark":"","ptype":0,"allow_all_comment":true,"avatar_large":"http://tp4.sinaimg.cn/2178126947/180/22858245741/1","avatar_hd":"http://ww2.sinaimg.cn/crop.75.132.1600.1600.1024/81d39463tw1ea74x2rw0xj21e5223hdt.jpg","verified_reason":"网络红人B哥","follow_me":false,"online_status":0,"bi_followers_count":22,"lang":"zh-cn","star":0,"mbtype":0,"mbrank":0,"block_word":0},"reposts_count":0,"comments_count":0,"attitudes_count":0,"mlevel":0,"visible":{"type":0,"list_id":0}}}],"marks":[],"hasvisible":false,"previous_cursor":0,"next_cursor":0,"total_number":8}

38298 DEBUG [2013-11-05 20:04:31]  Request:
38298 DEBUG [2013-11-05 20:04:31]  GET:https://api.weibo.com/2/statuses/show.json
38300 DEBUG [2013-11-05 20:04:31]  Authorization: OAuth2 2.00f6LUwB0iDhDB4ef8bd9e2eynKudC
38300 DEBUG [2013-11-05 20:04:31]  API-RemoteIP: 192.168.0.113
38928 DEBUG [2013-11-05 20:04:32]  Response:
38928 DEBUG [2013-11-05 20:04:32]  https StatusCode:200
38929 DEBUG [2013-11-05 20:04:32]  Server:nginx/1.2.0
38929 DEBUG [2013-11-05 20:04:32]  Date:Tue, 05 Nov 2013 12:04:22 GMT
38929 DEBUG [2013-11-05 20:04:32]  Content-Type:application/json;charset=UTF-8
38929 DEBUG [2013-11-05 20:04:32]  Transfer-Encoding:chunked
38929 DEBUG [2013-11-05 20:04:32]  Connection:keep-alive
38929 DEBUG [2013-11-05 20:04:32]  Api-Server-IP:10.75.24.205
38929 DEBUG [2013-11-05 20:04:32]  Vary:Accept-Encoding
38929 WARN  [2013-11-05 20:04:32]  Going to buffer response body of large or unknown size. Using getResponseBodyAsStream instead is recommended.
38929 DEBUG [2013-11-05 20:04:32]  {"created_at":"Wed Oct 30 20:40:27 +0800 2013","id":3639201981173179,"mid":"3639201981173179","idstr":"3639201981173179","text":"2013年9月VINE短视频集锦【酷客春季】 http://t.cn/zRAKNQ1  （分享自 @优酷网）笑死我了哈哈哈","source":"<a href=\"http://app.weibo.com/t/feed/4kiQYH\" rel=\"nofollow\">优酷网连接分享</a>","favorited":false,"truncated":false,"in_reply_to_status_id":"","in_reply_to_user_id":"","in_reply_to_screen_name":"","pic_urls":[{"thumbnail_pic":"http://ww1.sinaimg.cn/thumbnail/6b2bac02jw1ea3hooih8sj203k02o3yc.jpg"}],"thumbnail_pic":"http://ww1.sinaimg.cn/thumbnail/6b2bac02jw1ea3hooih8sj203k02o3yc.jpg","bmiddle_pic":"http://ww1.sinaimg.cn/bmiddle/6b2bac02jw1ea3hooih8sj203k02o3yc.jpg","original_pic":"http://ww1.sinaimg.cn/large/6b2bac02jw1ea3hooih8sj203k02o3yc.jpg","geo":null,"user":{"id":1798024194,"idstr":"1798024194","class":1,"screen_name":"吴柏芝","name":"吴柏芝","province":"50","city":"5","location":"重庆 江北区","description":"careless world","url":"","profile_image_url":"http://tp3.sinaimg.cn/1798024194/50/22857107194/0","cover_image":"http://ww2.sinaimg.cn/crop.0.151.980.300/6b2bac02jw1e6p54pbdrpj20r80hok0e.jpg","profile_url":"egg0515","domain":"egg0515","weihao":"","gender":"f","followers_count":809,"friends_count":144,"statuses_count":74,"favourites_count":187,"created_at":"Sun Aug 22 10:27:39 +0800 2010","following":false,"allow_all_act_msg":false,"geo_enabled":true,"verified":false,"verified_type":-1,"remark":"","ptype":0,"allow_all_comment":true,"avatar_large":"http://tp3.sinaimg.cn/1798024194/180/22857107194/0","avatar_hd":"http://ww1.sinaimg.cn/crop.0.0.180.180.1024/6b2bac02tw1e9rwgxycfsj2050050wem.jpg","verified_reason":"","follow_me":false,"online_status":0,"bi_followers_count":34,"lang":"zh-cn","star":0,"mbtype":13,"mbrank":3,"block_word":0},"reposts_count":3,"comments_count":1,"attitudes_count":0,"mlevel":0,"visible":{"type":0,"list_id":0}}

38930 DEBUG [2013-11-05 20:04:32]  Request:
38930 DEBUG [2013-11-05 20:04:32]  GET:https://api.weibo.com/2/short_url/expand.json
38934 DEBUG [2013-11-05 20:04:32]  Authorization: OAuth2 2.00f6LUwB0iDhDB4ef8bd9e2eynKudC
38934 DEBUG [2013-11-05 20:04:32]  API-RemoteIP: 192.168.0.113
39576 DEBUG [2013-11-05 20:04:32]  Response:
39576 DEBUG [2013-11-05 20:04:32]  https StatusCode:200
39576 DEBUG [2013-11-05 20:04:32]  Server:nginx/1.2.0
39576 DEBUG [2013-11-05 20:04:32]  Date:Tue, 05 Nov 2013 12:04:22 GMT
39576 DEBUG [2013-11-05 20:04:32]  Content-Type:text/javascript;charset=UTF-8
39576 DEBUG [2013-11-05 20:04:32]  Content-Length:147
39576 DEBUG [2013-11-05 20:04:32]  Connection:keep-alive
39576 DEBUG [2013-11-05 20:04:32]  X-Varnish:1876958452
39576 DEBUG [2013-11-05 20:04:32]  Age:0
39576 DEBUG [2013-11-05 20:04:32]  Via:1.1 varnish
39577 DEBUG [2013-11-05 20:04:32]  {"urls":[
{"result":true,"url_short":"http://t.cn/zRAKNQ1","url_long":"http://v.youku.com/v_show/id_XNjE2ODM1OTAw.html","type":1,"transcode":2}
]}


39577 DEBUG [2013-11-05 20:04:32]  Request:
39577 DEBUG [2013-11-05 20:04:32]  GET:https://api.weibo.com/2/comments/show.json
39579 DEBUG [2013-11-05 20:04:32]  Authorization: OAuth2 2.00f6LUwB0iDhDB4ef8bd9e2eynKudC
39580 DEBUG [2013-11-05 20:04:32]  API-RemoteIP: 192.168.0.113
40219 DEBUG [2013-11-05 20:04:33]  Response:
40219 DEBUG [2013-11-05 20:04:33]  https StatusCode:200
40219 DEBUG [2013-11-05 20:04:33]  Server:nginx/1.2.0
40219 DEBUG [2013-11-05 20:04:33]  Date:Tue, 05 Nov 2013 12:04:23 GMT
40219 DEBUG [2013-11-05 20:04:33]  Content-Type:application/json;charset=UTF-8
40219 DEBUG [2013-11-05 20:04:33]  Transfer-Encoding:chunked
40219 DEBUG [2013-11-05 20:04:33]  Connection:keep-alive
40219 DEBUG [2013-11-05 20:04:33]  Api-Server-IP:10.75.5.65
40219 DEBUG [2013-11-05 20:04:33]  Vary:Accept-Encoding
40219 WARN  [2013-11-05 20:04:33]  Going to buffer response body of large or unknown size. Using getResponseBodyAsStream instead is recommended.
40220 DEBUG [2013-11-05 20:04:33]  {"comments":[{"created_at":"Wed Oct 30 20:44:38 +0800 2013","id":3639203034120438,"text":" @DXRdessiree 必须看真的笑死了","source":"<a href=\"http://app.weibo.com/t/feed/9ksdit\" rel=\"nofollow\">iPhone客户端</a>","user":{"id":1798024194,"idstr":"1798024194","class":1,"screen_name":"吴柏芝","name":"吴柏芝","province":"50","city":"5","location":"重庆 江北区","description":"careless world","url":"","profile_image_url":"http://tp3.sinaimg.cn/1798024194/50/22857107194/0","cover_image":"http://ww2.sinaimg.cn/crop.0.151.980.300/6b2bac02jw1e6p54pbdrpj20r80hok0e.jpg","profile_url":"egg0515","domain":"egg0515","weihao":"","gender":"f","followers_count":809,"friends_count":144,"statuses_count":74,"favourites_count":187,"created_at":"Sun Aug 22 10:27:39 +0800 2010","following":false,"allow_all_act_msg":false,"geo_enabled":true,"verified":false,"verified_type":-1,"remark":"","ptype":0,"allow_all_comment":true,"avatar_large":"http://tp3.sinaimg.cn/1798024194/180/22857107194/0","avatar_hd":"http://ww1.sinaimg.cn/crop.0.0.180.180.1024/6b2bac02tw1e9rwgxycfsj2050050wem.jpg","verified_reason":"","follow_me":false,"online_status":0,"bi_followers_count":34,"lang":"zh-cn","star":0,"mbtype":13,"mbrank":3,"block_word":0},"mid":"3639203034120438","idstr":"3639203034120438","status":{"created_at":"Wed Oct 30 20:40:27 +0800 2013","id":3639201981173179,"mid":"3639201981173179","idstr":"3639201981173179","text":"2013年9月VINE短视频集锦【酷客春季】 http://t.cn/zRAKNQ1  （分享自 @优酷网）笑死我了哈哈哈","source":"<a href=\"http://app.weibo.com/t/feed/4kiQYH\" rel=\"nofollow\">优酷网连接分享</a>","favorited":false,"truncated":false,"in_reply_to_status_id":"","in_reply_to_user_id":"","in_reply_to_screen_name":"","pic_urls":[{"thumbnail_pic":"http://ww1.sinaimg.cn/thumbnail/6b2bac02jw1ea3hooih8sj203k02o3yc.jpg"}],"thumbnail_pic":"http://ww1.sinaimg.cn/thumbnail/6b2bac02jw1ea3hooih8sj203k02o3yc.jpg","bmiddle_pic":"http://ww1.sinaimg.cn/bmiddle/6b2bac02jw1ea3hooih8sj203k02o3yc.jpg","original_pic":"http://ww1.sinaimg.cn/large/6b2bac02jw1ea3hooih8sj203k02o3yc.jpg","geo":null,"user":{"id":1798024194,"idstr":"1798024194","class":1,"screen_name":"吴柏芝","name":"吴柏芝","province":"50","city":"5","location":"重庆 江北区","description":"careless world","url":"","profile_image_url":"http://tp3.sinaimg.cn/1798024194/50/22857107194/0","cover_image":"http://ww2.sinaimg.cn/crop.0.151.980.300/6b2bac02jw1e6p54pbdrpj20r80hok0e.jpg","profile_url":"egg0515","domain":"egg0515","weihao":"","gender":"f","followers_count":809,"friends_count":144,"statuses_count":74,"favourites_count":187,"created_at":"Sun Aug 22 10:27:39 +0800 2010","following":false,"allow_all_act_msg":false,"geo_enabled":true,"verified":false,"verified_type":-1,"remark":"","ptype":0,"allow_all_comment":true,"avatar_large":"http://tp3.sinaimg.cn/1798024194/180/22857107194/0","avatar_hd":"http://ww1.sinaimg.cn/crop.0.0.180.180.1024/6b2bac02tw1e9rwgxycfsj2050050wem.jpg","verified_reason":"","follow_me":false,"online_status":0,"bi_followers_count":34,"lang":"zh-cn","star":0,"mbtype":13,"mbrank":3,"block_word":0},"reposts_count":0,"comments_count":0,"attitudes_count":0,"mlevel":0,"visible":{"type":0,"list_id":0}}}],"marks":[],"hasvisible":false,"previous_cursor":0,"next_cursor":0,"total_number":1}

